Build started 9/18/2019 10:33:19 AM.
     1>Project "C:\Users\ADMIN\Desktop\storyarray-master\Projects_end\Projects_end\Projects_end.vcxproj" on node 2 (build target(s)).
     1>InitializeBuildStatus:
         Creating "Debug\Projects_end.unsuccessfulbuild" because "AlwaysCreate" was specified.
       ClCompile:
         C:\Program Files (x86)\Microsoft Visual Studio 10.0\VC\bin\CL.exe /c /ZI /nologo /W3 /WX- /Od /Oy- /D WIN32 /D _DEBUG /D _CONSOLE /D _UNICODE /D UNICODE /Gm /EHsc /RTC1 /MDd /GS /fp:precise /Zc:wchar_t /Zc:forScope /Fo"Debug\\" /Fd"Debug\vc100.pdb" /Gd /TP /analyze- /errorReport:prompt program.cpp
         program.cpp
       ManifestResourceCompile:
         All outputs are up-to-date.
       Link:
         C:\Program Files (x86)\Microsoft Visual Studio 10.0\VC\bin\link.exe /ERRORREPORT:PROMPT /OUT:"C:\Users\ADMIN\Desktop\storyarray-master\Projects_end\Debug\Projects_end.exe" /INCREMENTAL /NOLOGO kernel32.lib user32.lib gdi32.lib winspool.lib comdlg32.lib advapi32.lib shell32.lib ole32.lib oleaut32.lib uuid.lib odbc32.lib odbccp32.lib /MANIFEST /ManifestFile:"Debug\Projects_end.exe.intermediate.manifest" /MANIFESTUAC:"level='asInvoker' uiAccess='false'" /DEBUG /PDB:"C:\Users\ADMIN\Desktop\storyarray-master\Projects_end\Debug\Projects_end.pdb" /SUBSYSTEM:CONSOLE /TLBID:1 /DYNAMICBASE /NXCOMPAT /IMPLIB:"C:\Users\ADMIN\Desktop\storyarray-master\Projects_end\Debug\Projects_end.lib" /MACHINE:X86 Debug\Projects_end.exe.embed.manifest.res
         Debug\program.obj
       Manifest:
         C:\Program Files (x86)\Microsoft SDKs\Windows\v7.0A\bin\mt.exe /nologo /verbose /out:"Debug\Projects_end.exe.embed.manifest" /manifest Debug\Projects_end.exe.intermediate.manifest
         All outputs are up-to-date.
       LinkEmbedManifest:
         All outputs are up-to-date.
         Projects_end.vcxproj -> C:\Users\ADMIN\Desktop\storyarray-master\Projects_end\Debug\Projects_end.exe
       FinalizeBuildStatus:
         Deleting file "Debug\Projects_end.unsuccessfulbuild".
         Touching "Debug\Projects_end.lastbuildstate".
     1>Done Building Project "C:\Users\ADMIN\Desktop\storyarray-master\Projects_end\Projects_end\Projects_end.vcxproj" (build target(s)).

Build succeeded.

Time Elapsed 00:00:00.54
